<?xml version="1.0" encoding="UTF-8"?>
<!-- Generated by org.testng.reporters.JUnitXMLReporter -->
<testsuite ignored="0" hostname="LAPTOP-TDRD4JLN" failures="0" tests="5" name="Test2" time="307.671" errors="0" timestamp="2023-06-18T23:21:17 IST">
  <testcase classname="UITesting1.UITest1" name="test" time="65.676"/>
  <testcase classname="UITesting1.UITest2" name="test" time="56.563"/>
  <testcase classname="UITesting1.UlTest3" name="test" time="66.837"/>
  <testcase classname="UITesting1.UITest4" name="test" time="66.406"/>
  <testcase classname="UITesting1.UITest5" name="test" time="52.117"/>
</testsuite> <!-- Test2 -->
