<?xml version="1.0" encoding="UTF-8"?>
<!-- Generated by org.testng.reporters.JUnitXMLReporter -->
<testsuite ignored="0" hostname="LAPTOP-TDRD4JLN" failures="0" tests="5" name="Test3" time="322.777" errors="0" timestamp="2023-06-18T23:21:32 IST">
  <testcase classname="UITesting1.UITest1" name="test" time="70.634"/>
  <testcase classname="UITesting1.UITest2" name="test" time="56.991"/>
  <testcase classname="UITesting1.UlTest3" name="test" time="69.223"/>
  <testcase classname="UITesting1.UITest4" name="test" time="70.66"/>
  <testcase classname="UITesting1.UITest5" name="test" time="55.213"/>
</testsuite> <!-- Test3 -->
