<?xml version="1.0" encoding="UTF-8"?>
<!-- Generated by org.testng.reporters.JUnitXMLReporter -->
<testsuite ignored="0" hostname="LAPTOP-TDRD4JLN" failures="0" tests="5" name="Test1" time="322.301" errors="0" timestamp="2023-06-18T23:21:32 IST">
  <testcase classname="UITesting1.UITest1" name="test" time="66.565"/>
  <testcase classname="UITesting1.UITest2" name="test" time="64.119"/>
  <testcase classname="UITesting1.UlTest3" name="test" time="68.665"/>
  <testcase classname="UITesting1.UITest4" name="test" time="68.965"/>
  <testcase classname="UITesting1.UITest5" name="test" time="53.933"/>
</testsuite> <!-- Test1 -->
