<?xml version="1.0" encoding="UTF-8"?>
<testng-results ignored="0" total="15" passed="15" failed="0" skipped="0">
  <reporter-output>
  </reporter-output>
  <suite started-at="2023-06-18T23:16:10 IST" name="Suite" finished-at="2023-06-18T23:21:32 IST" duration-ms="322777">
    <groups>
    </groups>
    <test started-at="2023-06-18T23:16:10 IST" name="Test2" finished-at="2023-06-18T23:21:17 IST" duration-ms="307671">
      <class name="UITesting1.UITest5">
        <test-method signature="test()[pri:5, instance:UITesting1.UITest5@5c5eefef]" started-at="2023-06-18T23:20:25 IST" name="test" finished-at="2023-06-18T23:21:17 IST" duration-ms="52117" status="PASS">
          <reporter-output>
          </reporter-output>
        </test-method> <!-- test -->
      </class> <!-- UITesting1.UITest5 -->
      <class name="UITesting1.UlTest3">
        <test-method signature="test()[pri:3, instance:UITesting1.UlTest3@16293aa2]" started-at="2023-06-18T23:18:12 IST" name="test" finished-at="2023-06-18T23:19:19 IST" duration-ms="66837" status="PASS">
          <reporter-output>
          </reporter-output>
        </test-method> <!-- test -->
      </class> <!-- UITesting1.UlTest3 -->
      <class name="UITesting1.UITest4">
        <test-method signature="test()[pri:4, instance:UITesting1.UITest4@72d1ad2e]" started-at="2023-06-18T23:19:19 IST" name="test" finished-at="2023-06-18T23:20:25 IST" duration-ms="66406" status="PASS">
          <reporter-output>
          </reporter-output>
        </test-method> <!-- test -->
      </class> <!-- UITesting1.UITest4 -->
      <class name="UITesting1.UITest1">
        <test-method signature="test()[pri:1, instance:UITesting1.UITest1@595b007d]" started-at="2023-06-18T23:16:10 IST" name="test" finished-at="2023-06-18T23:17:15 IST" duration-ms="65676" status="PASS">
          <reporter-output>
          </reporter-output>
        </test-method> <!-- test -->
      </class> <!-- UITesting1.UITest1 -->
      <class name="UITesting1.UITest2">
        <test-method signature="test()[pri:2, instance:UITesting1.UITest2@5158b42f]" started-at="2023-06-18T23:17:15 IST" name="test" finished-at="2023-06-18T23:18:12 IST" duration-ms="56563" status="PASS">
          <reporter-output>
          </reporter-output>
        </test-method> <!-- test -->
      </class> <!-- UITesting1.UITest2 -->
    </test> <!-- Test2 -->
    <test started-at="2023-06-18T23:16:10 IST" name="Test1" finished-at="2023-06-18T23:21:32 IST" duration-ms="322301">
      <class name="UITesting1.UITest5">
        <test-method signature="test()[pri:5, instance:UITesting1.UITest5@1ea9f6af]" started-at="2023-06-18T23:20:38 IST" name="test" finished-at="2023-06-18T23:21:32 IST" duration-ms="53933" status="PASS">
          <reporter-output>
          </reporter-output>
        </test-method> <!-- test -->
      </class> <!-- UITesting1.UITest5 -->
      <class name="UITesting1.UlTest3">
        <test-method signature="test()[pri:3, instance:UITesting1.UlTest3@6eda5c9]" started-at="2023-06-18T23:18:20 IST" name="test" finished-at="2023-06-18T23:19:29 IST" duration-ms="68665" status="PASS">
          <reporter-output>
          </reporter-output>
        </test-method> <!-- test -->
      </class> <!-- UITesting1.UlTest3 -->
      <class name="UITesting1.UITest4">
        <test-method signature="test()[pri:4, instance:UITesting1.UITest4@192d43ce]" started-at="2023-06-18T23:19:29 IST" name="test" finished-at="2023-06-18T23:20:38 IST" duration-ms="68965" status="PASS">
          <reporter-output>
          </reporter-output>
        </test-method> <!-- test -->
      </class> <!-- UITesting1.UITest4 -->
      <class name="UITesting1.UITest1">
        <test-method signature="test()[pri:1, instance:UITesting1.UITest1@5f058f00]" started-at="2023-06-18T23:16:10 IST" name="test" finished-at="2023-06-18T23:17:16 IST" duration-ms="66565" status="PASS">
          <reporter-output>
          </reporter-output>
        </test-method> <!-- test -->
      </class> <!-- UITesting1.UITest1 -->
      <class name="UITesting1.UITest2">
        <test-method signature="test()[pri:2, instance:UITesting1.UITest2@55b7a4e0]" started-at="2023-06-18T23:17:16 IST" name="test" finished-at="2023-06-18T23:18:20 IST" duration-ms="64119" status="PASS">
          <reporter-output>
          </reporter-output>
        </test-method> <!-- test -->
      </class> <!-- UITesting1.UITest2 -->
    </test> <!-- Test1 -->
    <test started-at="2023-06-18T23:16:10 IST" name="Test3" finished-at="2023-06-18T23:21:32 IST" duration-ms="322777">
      <class name="UITesting1.UITest5">
        <test-method signature="test()[pri:5, instance:UITesting1.UITest5@79e2c065]" started-at="2023-06-18T23:20:37 IST" name="test" finished-at="2023-06-18T23:21:32 IST" duration-ms="55213" status="PASS">
          <reporter-output>
          </reporter-output>
        </test-method> <!-- test -->
      </class> <!-- UITesting1.UITest5 -->
      <class name="UITesting1.UlTest3">
        <test-method signature="test()[pri:3, instance:UITesting1.UlTest3@3a93b025]" started-at="2023-06-18T23:18:17 IST" name="test" finished-at="2023-06-18T23:19:27 IST" duration-ms="69223" status="PASS">
          <reporter-output>
          </reporter-output>
        </test-method> <!-- test -->
      </class> <!-- UITesting1.UlTest3 -->
      <class name="UITesting1.UITest4">
        <test-method signature="test()[pri:4, instance:UITesting1.UITest4@1189dd52]" started-at="2023-06-18T23:19:27 IST" name="test" finished-at="2023-06-18T23:20:37 IST" duration-ms="70660" status="PASS">
          <reporter-output>
          </reporter-output>
        </test-method> <!-- test -->
      </class> <!-- UITesting1.UITest4 -->
      <class name="UITesting1.UITest1">
        <test-method signature="test()[pri:1, instance:UITesting1.UITest1@7e07db1f]" started-at="2023-06-18T23:16:10 IST" name="test" finished-at="2023-06-18T23:17:20 IST" duration-ms="70634" status="PASS">
          <reporter-output>
          </reporter-output>
        </test-method> <!-- test -->
      </class> <!-- UITesting1.UITest1 -->
      <class name="UITesting1.UITest2">
        <test-method signature="test()[pri:2, instance:UITesting1.UITest2@35cabb2a]" started-at="2023-06-18T23:17:20 IST" name="test" finished-at="2023-06-18T23:18:17 IST" duration-ms="56991" status="PASS">
          <reporter-output>
          </reporter-output>
        </test-method> <!-- test -->
      </class> <!-- UITesting1.UITest2 -->
    </test> <!-- Test3 -->
  </suite> <!-- Suite -->
</testng-results>
